rm: ../parameters: No such file or directory
rm: ../microstructures: No such file or directory
rm: ../results: No such file or directory
rm: ../heat: No such file or directory
rm: *.dat: No such file or directory
rm: *.plt: No such file or directory
 cpu!!!   7.0459999999999993E-003
 Parameters read from CSV file:
 Parameter            1 :    8.9163543857647999E-003
 Parameter            2 :    1.0513661412030000E-004
 Parameter            3 :    1.3137255832707355     
 Parameter            4 :    1.0872348872873201     
 Parameter            5 :   0.83066470290047445     
 Parameter            6 :    1.9745394827423999E-003
 Parameter            7 :   0.96657490380859001     

 IG=         100
 JG=         400
 DX=   3.0303030303030304E-002

 EPSILON_SL  =   8.9163543857647999E-003
 IntMobility =   1.0513661412030000E-004
 alpha       =  0.83066470290047445     
 nu1         =   1.9745394827423999E-003

 alpha_heat  =  0.96657490380859001     
 Latent_H (K)=   1.3137255832707355     
 Te          =   1.0872348872873201     


 INITIAL geometry is initiated! ...
  DT=  0.10000000D-04
  DT1=

 CALCULATING....

 start explicit...
   1.0000000000000000        1.0526000702475545E-002   1.3137255832707355     
 new file_cycle...
 iter           0 time   0.0000000000000000      PHITOT   2.3653736944766794E-002 phi(max)   1.0000000000000000      phi(min)   0.0000000000000000     
 new file_cycle...
 iter        1000 time   9.9999999999997608E-003 PHITOT   5.9557324905242709E-002 phi(max)  0.99999999999999944      phi(min)   0.0000000000000000     
 new file_cycle...
 iter        2000 time   1.9999999999999355E-002 PHITOT   8.6005790595483189E-002 phi(max)  0.99999999999999944      phi(min)   0.0000000000000000     
 new file_cycle...
 iter        3000 time   2.9999999999998948E-002 PHITOT  0.11195241620258975      phi(max)  0.99999999999999944      phi(min)   0.0000000000000000     
 new file_cycle...
 iter        4000 time   4.0000000000001576E-002 PHITOT  0.13688567310474734      phi(max)  0.99999999999999944      phi(min)   0.0000000000000000     
 new file_cycle...
 iter        5000 time   5.0000000000004638E-002 PHITOT  0.16157950967970733      phi(max)  0.99999999999999944      phi(min)   0.0000000000000000     
 new file_cycle...
 iter        6000 time   6.0000000000007700E-002 PHITOT  0.18616729474032748      phi(max)  0.99999999999999944      phi(min)   0.0000000000000000     
 new file_cycle...
 iter        7000 time   7.0000000000005558E-002 PHITOT  0.21065366325298474      phi(max)  0.99999999999999944      phi(min)   0.0000000000000000     
 new file_cycle...
 iter        8000 time   8.0000000000001681E-002 PHITOT  0.23497095403009596      phi(max)  0.99999999999999944      phi(min)   0.0000000000000000     
 new file_cycle...
 iter        9000 time   8.9999999999997804E-002 PHITOT  0.25919016059028516      phi(max)  0.99999999999999944      phi(min)   0.0000000000000000     
 new file_cycle...
 iter       10000 time   9.9999999999993927E-002 PHITOT  0.28338111368537666      phi(max)  0.99999999999999944      phi(min)   0.0000000000000000     
 new file_cycle...
 iter       11000 time  0.10999999999999005      PHITOT  0.30758854594957435      phi(max)  0.99999999999999944      phi(min)   0.0000000000000000     
 new file_cycle...
 iter       12000 time  0.11999999999998617      PHITOT  0.33176890423531291      phi(max)  0.99999999999999944      phi(min)   0.0000000000000000     
 new file_cycle...
 iter       13000 time  0.12999999999998924      PHITOT  0.35588835327874274      phi(max)  0.99999999999999944      phi(min)   0.0000000000000000     
 new file_cycle...
 iter       14000 time  0.13999999999999924      PHITOT  0.37996279385404769      phi(max)  0.99999999999999944      phi(min)   0.0000000000000000     
 new file_cycle...
 iter       15000 time  0.15000000000000924      PHITOT  0.40397610044726123      phi(max)  0.99999999999999944      phi(min)   0.0000000000000000     
 new file_cycle...
 iter       16000 time  0.16000000000001924      PHITOT  0.42800614957189353      phi(max)  0.99999999999999944      phi(min)   0.0000000000000000     
 new file_cycle...
 iter       17000 time  0.17000000000002924      PHITOT  0.45191159859954905      phi(max)  0.99999999999999944      phi(min)   0.0000000000000000     
 new file_cycle...
 iter       18000 time  0.18000000000003924      PHITOT  0.47565687934286793      phi(max)  0.99999999999999944      phi(min)   0.0000000000000000     
Note: The following floating-point exceptions are signalling: IEEE_DIVIDE_BY_ZERO IEEE_UNDERFLOW_FLAG
 new file_cycle...
 iter       19000 time  0.19000000000004924      PHITOT  0.49935231330205498      phi(max)  0.99999999999999944      phi(min)   0.0000000000000000     
 new file_cycle...
 iter       20000 time  0.20000000000005924      PHITOT  0.52301610363203377      phi(max)  0.99999999999999944      phi(min)   0.0000000000000000     
 new file_cycle...
 iter       21000 time  0.21000000000006924      PHITOT  0.54668229690067505      phi(max)  0.99999999999999944      phi(min)   0.0000000000000000     
 new file_cycle...
 iter       22000 time  0.22000000000007924      PHITOT  0.57027186639732630      phi(max)  0.99999999999999944      phi(min)   0.0000000000000000     
 new file_cycle...
 iter       23000 time  0.23000000000008924      PHITOT  0.59379767263541683      phi(max)  0.99999999999999944      phi(min)   0.0000000000000000     
 new file_cycle...
 iter       24000 time  0.24000000000009925      PHITOT  0.61733487852268776      phi(max)  0.99999999999999944      phi(min)   0.0000000000000000     
 new file_cycle...
 iter       25000 time  0.25000000000010925      PHITOT  0.64087853070577394      phi(max)  0.99999999999999944      phi(min)   0.0000000000000000     
 new file_cycle...
 iter       26000 time  0.26000000000011925      PHITOT  0.66438380992246049      phi(max)  0.99999999999999944      phi(min)   0.0000000000000000     
 new file_cycle...
 iter       27000 time  0.27000000000012925      PHITOT  0.68794350906646451      phi(max)  0.99999999999999944      phi(min)   0.0000000000000000     
 new file_cycle...
 iter       28000 time  0.28000000000013925      PHITOT  0.71148847104883262      phi(max)  0.99999999999999944      phi(min)   0.0000000000000000     
 new file_cycle...
 iter       29000 time  0.29000000000014925      PHITOT  0.73499294417017480      phi(max)  0.99999999999999944      phi(min)   0.0000000000000000     
 new file_cycle...
 iter       30000 time  0.30000000000015925      PHITOT  0.75845911984226666      phi(max)  0.99999999999999944      phi(min)   0.0000000000000000     
 new file_cycle...
 iter       31000 time  0.31000000000016925      PHITOT  0.78187949853034588      phi(max)  0.99999999999999944      phi(min)   0.0000000000000000     
 new file_cycle...
 iter       32000 time  0.32000000000017925      PHITOT  0.80520378386021862      phi(max)  0.99999999999999944      phi(min)   0.0000000000000000     
 new file_cycle...
 iter       33000 time  0.33000000000018925      PHITOT  0.82843472558419551      phi(max)  0.99999999999999944      phi(min)   0.0000000000000000     
 new file_cycle...
 iter       34000 time  0.34000000000019925      PHITOT  0.85167744496259989      phi(max)  0.99999999999999944      phi(min)   0.0000000000000000     
 new file_cycle...
 iter       35000 time  0.35000000000020925      PHITOT  0.87490870378999641      phi(max)  0.99999999999999944      phi(min)   0.0000000000000000     
 new file_cycle...
 iter       36000 time  0.36000000000021926      PHITOT  0.89808752623978361      phi(max)  0.99999999999999944      phi(min)   0.0000000000000000     
 new file_cycle...
 iter       37000 time  0.37000000000022926      PHITOT  0.92122979395219451      phi(max)  0.99999999999999944      phi(min)   0.0000000000000000     
 interface has reached the simulation domain top edge. Stoping...
