rm: ../parameters: No such file or directory
rm: ../microstructures: No such file or directory
rm: ../results: No such file or directory
rm: ../heat: No such file or directory
rm: *.dat: No such file or directory
rm: *.plt: No such file or directory
 cpu!!!   7.0049999999999999E-003
 Parameters read from CSV file:
 Parameter            1 :    2.2376695578896200E-002
 Parameter            2 :    1.9833116710780001E-004
 Parameter            3 :    1.7120655296531029     
 Parameter            4 :   0.96122918102255395     
 Parameter            5 :    1.0023464326470179     
 Parameter            6 :    1.6323816047628201E-002
 Parameter            7 :    1.0467744018407414     

 IG=         100
 JG=         400
 DX=   3.0303030303030304E-002

 EPSILON_SL  =   2.2376695578896200E-002
 IntMobility =   1.9833116710780001E-004
 alpha       =   1.0023464326470179     
 nu1         =   1.6323816047628201E-002

 alpha_heat  =   1.0467744018407414     
 Latent_H (K)=   1.7120655296531029     
 Te          =  0.96122918102255395     


 INITIAL geometry is initiated! ...
  DT=  0.10000000D-04
  DT1=

 CALCULATING....

 start explicit...
   1.0000000000000000        1.1399373236045673E-002   1.7120655296531029     
 new file_cycle...
 iter           0 time   0.0000000000000000      PHITOT   2.4098170415545295E-002 phi(max)   1.0000000000000000      phi(min)   0.0000000000000000     
 new file_cycle...
 iter        1000 time   9.9999999999997608E-003 PHITOT   6.1518456125030846E-002 phi(max)  0.99999989405939160      phi(min)   0.0000000000000000     
 new file_cycle...
 iter        2000 time   1.9999999999999355E-002 PHITOT   9.0484051637396729E-002 phi(max)  0.99999996311316686      phi(min)   0.0000000000000000     
 new file_cycle...
 iter        3000 time   2.9999999999998948E-002 PHITOT  0.11915016054513598      phi(max)  0.99999998180988692      phi(min)   0.0000000000000000     
 new file_cycle...
 iter        4000 time   4.0000000000001576E-002 PHITOT  0.14763444023345262      phi(max)  0.99999998901398690      phi(min)   0.0000000000000000     
 new file_cycle...
 iter        5000 time   5.0000000000004638E-002 PHITOT  0.17603756509826315      phi(max)  0.99999999220556313      phi(min)   0.0000000000000000     
 new file_cycle...
 iter        6000 time   6.0000000000007700E-002 PHITOT  0.20437001572866390      phi(max)  0.99999999384372651      phi(min)   0.0000000000000000     
 new file_cycle...
 iter        7000 time   7.0000000000005558E-002 PHITOT  0.23262968520633859      phi(max)  0.99999999467298428      phi(min)   0.0000000000000000     
 new file_cycle...
 iter        8000 time   8.0000000000001681E-002 PHITOT  0.26084484266014807      phi(max)  0.99999999497644532      phi(min)   0.0000000000000000     
 new file_cycle...
 iter        9000 time   8.9999999999997804E-002 PHITOT  0.28902102071791713      phi(max)  0.99999999516397109      phi(min)   0.0000000000000000     
 new file_cycle...
 iter       10000 time   9.9999999999993927E-002 PHITOT  0.31718492571945178      phi(max)  0.99999999497307435      phi(min)   0.0000000000000000     
 new file_cycle...
 iter       11000 time  0.10999999999999005      PHITOT  0.34532697435652365      phi(max)  0.99999999478280444      phi(min)   0.0000000000000000     
 new file_cycle...
 iter       12000 time  0.11999999999998617      PHITOT  0.37346996959144740      phi(max)  0.99999999447505783      phi(min)   0.0000000000000000     
 new file_cycle...
 iter       13000 time  0.12999999999998924      PHITOT  0.40159058201342884      phi(max)  0.99999999411622165      phi(min)   0.0000000000000000     
 new file_cycle...
 iter       14000 time  0.13999999999999924      PHITOT  0.42967797519767531      phi(max)  0.99999999362121350      phi(min)   0.0000000000000000     
 new file_cycle...
 iter       15000 time  0.15000000000000924      PHITOT  0.45778504508995688      phi(max)  0.99999999290523867      phi(min)   0.0000000000000000     
 new file_cycle...
 iter       16000 time  0.16000000000001924      PHITOT  0.48586945784684687      phi(max)  0.99999999223149072      phi(min)   0.0000000000000000     
 new file_cycle...
 iter       17000 time  0.17000000000002924      PHITOT  0.51394132105120127      phi(max)  0.99999999149902774      phi(min)   0.0000000000000000     
 new file_cycle...
 iter       18000 time  0.18000000000003924      PHITOT  0.54201003533293457      phi(max)  0.99999999071815393      phi(min)   0.0000000000000000     
Note: The following floating-point exceptions are signalling: IEEE_DIVIDE_BY_ZERO IEEE_UNDERFLOW_FLAG
 new file_cycle...
 iter       19000 time  0.19000000000004924      PHITOT  0.57003288126101592      phi(max)  0.99999998957336378      phi(min)   0.0000000000000000     
 new file_cycle...
 iter       20000 time  0.20000000000005924      PHITOT  0.59803984672530819      phi(max)  0.99999998855000649      phi(min)   0.0000000000000000     
 interface has reached the simulation domain top edge. Stoping...
