rm: ../parameters: No such file or directory
rm: ../microstructures: No such file or directory
rm: ../results: No such file or directory
rm: ../heat: No such file or directory
rm: *.dat: No such file or directory
rm: *.plt: No such file or directory
 cpu!!!   1.3767000000000000E-002
 Parameters read from CSV file:
 Parameter            1 :    1.4832317352541599E-002
 Parameter            2 :    1.4415047174059999E-004
 Parameter            3 :    1.2054899682073288     
 Parameter            4 :   0.86282190168403405     
 Parameter            5 :    1.0246085055473160     
 Parameter            6 :    3.5290568535784099E-002
 Parameter            7 :   0.89687590948984530     

 IG=         100
 JG=         400
 DX=   3.0303030303030304E-002

 EPSILON_SL  =   1.4832317352541599E-002
 IntMobility =   1.4415047174059999E-004
 alpha       =   1.0246085055473160     
 nu1         =   3.5290568535784099E-002

 alpha_heat  =  0.89687590948984530     
 Latent_H (K)=   1.2054899682073288     
 Te          =  0.86282190168403405     


 INITIAL geometry is initiated! ...
  DT=  0.10000000D-04
  DT1=

 CALCULATING....

 start explicit...
   1.0000000000000000        9.7669786543444145E-003   1.2054899682073288     
 new file_cycle...
 iter           0 time   0.0000000000000000      PHITOT   2.3357447964247796E-002 phi(max)   1.0000000000000000      phi(min)   0.0000000000000000     
 new file_cycle...
 iter        1000 time   9.9999999999997608E-003 PHITOT   7.2737272802395947E-002 phi(max)  0.99999999999589240      phi(min)   0.0000000000000000     
 new file_cycle...
 iter        2000 time   1.9999999999999355E-002 PHITOT  0.11739060055033784      phi(max)  0.99999999999988987      phi(min)   0.0000000000000000     
 new file_cycle...
 iter        3000 time   2.9999999999998948E-002 PHITOT  0.16283200133213105      phi(max)  0.99999999999999745      phi(min)   0.0000000000000000     
 new file_cycle...
 iter        4000 time   4.0000000000001576E-002 PHITOT  0.20840005230862776      phi(max)  0.99999999999999922      phi(min)   0.0000000000000000     
 new file_cycle...
 iter        5000 time   5.0000000000004638E-002 PHITOT  0.25591906944731690      phi(max)  0.99999999999999922      phi(min)   0.0000000000000000     
 new file_cycle...
 iter        6000 time   6.0000000000007700E-002 PHITOT  0.30387627114408367      phi(max)  0.99999999999999922      phi(min)   0.0000000000000000     
 new file_cycle...
 iter        7000 time   7.0000000000005558E-002 PHITOT  0.35223725994084470      phi(max)  0.99999999999999922      phi(min)   0.0000000000000000     
 new file_cycle...
 iter        8000 time   8.0000000000001681E-002 PHITOT  0.40088597037156626      phi(max)  0.99999999999999922      phi(min)   0.0000000000000000     
 new file_cycle...
 iter        9000 time   8.9999999999997804E-002 PHITOT  0.44977343453542357      phi(max)  0.99999999999999922      phi(min)   0.0000000000000000     
 new file_cycle...
 iter       10000 time   9.9999999999993927E-002 PHITOT  0.49881155896124824      phi(max)  0.99999999999999922      phi(min)   0.0000000000000000     
 new file_cycle...
 iter       11000 time  0.10999999999999005      PHITOT  0.54790863526917533      phi(max)  0.99999999999999922      phi(min)   0.0000000000000000     
 new file_cycle...
 iter       12000 time  0.11999999999998617      PHITOT  0.59708739242007558      phi(max)  0.99999999999999922      phi(min)   0.0000000000000000     
 new file_cycle...
 iter       13000 time  0.12999999999998924      PHITOT  0.64630958414979900      phi(max)  0.99999999999999922      phi(min)   0.0000000000000000     
 new file_cycle...
 iter       14000 time  0.13999999999999924      PHITOT  0.69560604574932350      phi(max)  0.99999999999999922      phi(min)   0.0000000000000000     
 new file_cycle...
 iter       15000 time  0.15000000000000924      PHITOT  0.74491545994141417      phi(max)  0.99999999999999922      phi(min)   0.0000000000000000     
 new file_cycle...
 iter       16000 time  0.16000000000001924      PHITOT  0.79425696591402006      phi(max)  0.99999999999999922      phi(min)   0.0000000000000000     
 new file_cycle...
 iter       17000 time  0.17000000000002924      PHITOT  0.84364853912900906      phi(max)  0.99999999999999922      phi(min)   0.0000000000000000     
 new file_cycle...
 iter       18000 time  0.18000000000003924      PHITOT  0.89302163046068650      phi(max)  0.99999999999999922      phi(min)   0.0000000000000000     
Note: The following floating-point exceptions are signalling: IEEE_DIVIDE_BY_ZERO IEEE_UNDERFLOW_FLAG
 new file_cycle...
 iter       19000 time  0.19000000000004924      PHITOT  0.94244257907184981      phi(max)  0.99999999999999922      phi(min)   0.0000000000000000     
 new file_cycle...
 iter       20000 time  0.20000000000005924      PHITOT  0.99190806490230798      phi(max)  0.99999999999999922      phi(min)   0.0000000000000000     
 interface has reached the simulation domain top edge. Stoping...
