rm: *.dat: No such file or directory
rm: *.plt: No such file or directory
mkdir: microstructures: File exists
Note: The following floating-point exceptions are signalling: IEEE_UNDERFLOW_FLAG
 cpu!!!   6.7619999999999998E-003

 DX        =   3.0303030303030304E-002

 EPSILON_SL=   1.0000000000000000E-002

 IG=         100
 JG=         400

 L_sig    =   3.0000001424923539E-004
 L_etta   =   600.00000000000000     

 nu1           =   5.0000000000000003E-002

 Latent_Heat(K)=   1.2000000000000000     

 cond_l=   100.00000000000000     
 cond_s=   1000000000.0000000     


 INITIAL geometry is initiated! ...
  DT=  0.50000000D-04
  DT1=

 CALCULATING....

 start explicit...
 new file_cycle...
 iter        1000 time   5.0050000000000920E-002 PHITOT   8.9719638874343583E-004
 new wrt_cycle...
 iter        2000 time  0.10004999999999714      PHITOT   1.4366832715759358E-003
 new wrt_cycle...
 iter        3000 time  0.15004999999999163      PHITOT   1.9685847252566301E-003
 new wrt_cycle...
 iter        4000 time  0.20004999999998613      PHITOT   2.5016185235317845E-003
 new wrt_cycle...
 iter        5000 time  0.25004999999998062      PHITOT   3.0263173577353220E-003
 new wrt_cycle...
 iter        6000 time  0.30004999999997511      PHITOT   3.5522773618815858E-003
 new wrt_cycle...
 iter        7000 time  0.35004999999996961      PHITOT   4.0765755965584032E-003
 new wrt_cycle...
 new file_cycle...
 iter        9000 time  0.45004999999995859      PHITOT   5.1222905442465643E-003
 new wrt_cycle...
 iter       10000 time  0.50004999999995314      PHITOT   5.6428309224012046E-003
 new wrt_cycle...
 iter       11000 time  0.55004999999994764      PHITOT   6.1631110505371758E-003
 new wrt_cycle...
 iter       12000 time  0.60004999999994213      PHITOT   6.6851865170084578E-003
 new wrt_cycle...
 iter       13000 time  0.65004999999993662      PHITOT   7.2030387897281944E-003
 new wrt_cycle...
 iter       14000 time  0.70004999999993112      PHITOT   7.7213555104766731E-003
 new wrt_cycle...
 iter       15000 time  0.75004999999992561      PHITOT   8.2403560053025075E-003
 new wrt_cycle...
 cpu time used in calculation :   38.599664999999995      sec
